<?xml version="1.0" encoding="UTF-8"?>
<testng-results skipped="0" failed="0" ignored="0" total="1" passed="1">
  <reporter-output>
  </reporter-output>
  <suite name="Suite" duration-ms="20779" started-at="2019-08-17T18:54:31Z" finished-at="2019-08-17T18:54:52Z">
    <groups>
    </groups>
    <test name="Test" duration-ms="20779" started-at="2019-08-17T18:54:31Z" finished-at="2019-08-17T18:54:52Z">
      <class name="testCases.TC_001_verifyLogin">
        <test-method status="PASS" signature="setup()[pri:0, instance:testCases.TC_001_verifyLogin@5c3bd550]" name="setup" is-config="true" duration-ms="19039" started-at="2019-08-17T18:54:31Z" finished-at="2019-08-17T18:54:50Z">
          <reporter-output>
          </reporter-output>
        </test-method> <!-- setup -->
        <test-method status="PASS" signature="verifyLogin()[pri:0, instance:testCases.TC_001_verifyLogin@5c3bd550]" name="verifyLogin" duration-ms="1045" started-at="2019-08-17T18:54:50Z" finished-at="2019-08-17T18:54:51Z">
          <reporter-output>
          </reporter-output>
        </test-method> <!-- verifyLogin -->
        <test-method status="PASS" signature="tearDown()[pri:0, instance:testCases.TC_001_verifyLogin@5c3bd550]" name="tearDown" is-config="true" duration-ms="674" started-at="2019-08-17T18:54:51Z" finished-at="2019-08-17T18:54:52Z">
          <reporter-output>
          </reporter-output>
        </test-method> <!-- tearDown -->
      </class> <!-- testCases.TC_001_verifyLogin -->
    </test> <!-- Test -->
  </suite> <!-- Suite -->
</testng-results>
